<?xml version="1.0" encoding="UTF-8"?>
<!-- Generated by org.testng.reporters.JUnitReportReporter -->
<testsuite hostname="Rohitt-Reddy1" failures="0" tests="4" name="EndToEndApp.practice.Tests" time="70.474" errors="0" timestamp="2024-03-15T04:57:20 IST" skipped="0">
  <testcase classname="EndToEndApp.practice.Tests" name="orderHistory" time="9.374"/>
  <testcase classname="EndToEndApp.practice.Tests" name="orderHistory" time="8.129"/>
  <testcase classname="EndToEndApp.practice.Tests" name="placeOrder" time="24.300"/>
  <testcase classname="EndToEndApp.practice.Tests" name="placeOrder" time="28.671"/>
</testsuite> <!-- EndToEndApp.practice.Tests -->
