<?xml version="1.0" encoding="UTF-8"?>
<!-- Generated by org.testng.reporters.JUnitReportReporter -->
<testsuite hostname="Rohitt-Reddy1" failures="0" tests="2" name="EndToEndApp.practice.ErrorValidation" time="14.359" errors="0" timestamp="2024-03-16T11:31:50 IST" skipped="0">
  <testcase classname="EndToEndApp.practice.ErrorValidation" name="productPageErrorValidation" time="7.543"/>
  <testcase classname="EndToEndApp.practice.ErrorValidation" name="loginpageErrorValidation" time="6.816"/>
</testsuite> <!-- EndToEndApp.practice.ErrorValidation -->
