<?xml version="1.0" encoding="UTF-8"?>
<!-- Generated by org.testng.reporters.JUnitReportReporter -->
<testsuite hostname="Rohitt-Reddy1" failures="0" tests="4" name="EndToEndApp.practice.Tests" time="60.672" errors="0" timestamp="2024-03-16T11:31:50 IST" skipped="0">
  <testcase classname="EndToEndApp.practice.Tests" name="orderHistory" time="7.374"/>
  <testcase classname="EndToEndApp.practice.Tests" name="orderHistory" time="10.230"/>
  <testcase classname="EndToEndApp.practice.Tests" name="placeOrder" time="21.806"/>
  <testcase classname="EndToEndApp.practice.Tests" name="placeOrder" time="21.262"/>
</testsuite> <!-- EndToEndApp.practice.Tests -->
